# JRE version: OpenJDK Runtime Environment Temurin-21.0.3+9 (21.0.3+9) (build 21.0.3+9-LTS)
# Java VM: OpenJDK 64-Bit Server VM Temurin-21.0.3+9 (21.0.3+9-LTS, mixed mode, sharing, tiered, compressed oops, compressed class ptrs, g1 gc, windows-amd64)
GC Precious Log:
 CardTable entry size: 512
 Card Set container configuration: InlinePtr #cards 4 size 8 Array Of Cards #cards 32 size 80 Howl #buckets 8 coarsen threshold 7372 Howl Bitmap #cards 1024 size 144 coarsen threshold 921 Card regions per heap region 1 cards per card region 8192
 CPUs: 7 total, 7 available
 Memory: 32658M
 Large Page Support: Disabled
 NUMA Support: Disabled
 Compressed Oops: Enabled (Zero based)
 Heap Region Size: 4M
 Heap Min Capacity: 8M
 Heap Initial Capacity: 512M
 Heap Max Capacity: 8168M
 Pre-touch: Disabled
 Parallel Workers: 7
 Concurrent Workers: 2
 Concurrent Refinement Workers: 7
 Periodic GC: Disabled
Heap:
 garbage-first heap   total 524288K, used 80968K [0x0000000601800000, 0x0000000800000000)
  region size 4096K, 20 young (81920K), 2 survivors (8192K)
 Metaspace       used 16632K, committed 16832K, reserved 1114112K
  class space    used 1885K, committed 1984K, reserved 1048576K
GC Heap History (6 events):
Event: 25.873 GC heap before
{Heap before GC invocations=0 (full 0):
 garbage-first heap   total 524288K, used 24576K [0x0000000601800000, 0x0000000800000000)
  region size 4096K, 6 young (24576K), 0 survivors (0K)
 Metaspace       used 5689K, committed 5888K, reserved 1114112K
  class space    used 666K, committed 768K, reserved 1048576K
}
Event: 25.914 GC heap after
{Heap after GC invocations=1 (full 0):
 garbage-first heap   total 524288K, used 3827K [0x0000000601800000, 0x0000000800000000)
  region size 4096K, 1 young (4096K), 1 survivors (4096K)
 Metaspace       used 5689K, committed 5888K, reserved 1114112K
  class space    used 666K, committed 768K, reserved 1048576K
}
Event: 28.000 GC heap before
{Heap before GC invocations=1 (full 0):
 garbage-first heap   total 524288K, used 28403K [0x0000000601800000, 0x0000000800000000)
  region size 4096K, 7 young (28672K), 1 survivors (4096K)
 Metaspace       used 8737K, committed 8960K, reserved 1114112K
  class space    used 1037K, committed 1152K, reserved 1048576K
}
Event: 28.005 GC heap after
{Heap after GC invocations=2 (full 0):
 garbage-first heap   total 524288K, used 5225K [0x0000000601800000, 0x0000000800000000)
  region size 4096K, 1 young (4096K), 1 survivors (4096K)
 Metaspace       used 8737K, committed 8960K, reserved 1114112K
  class space    used 1037K, committed 1152K, reserved 1048576K
}
Event: 33.441 GC heap before
{Heap before GC invocations=2 (full 0):
 garbage-first heap   total 524288K, used 66665K [0x0000000601800000, 0x0000000800000000)
  region size 4096K, 16 young (65536K), 1 survivors (4096K)
 Metaspace       used 15461K, committed 15744K, reserved 1114112K
  class space    used 1808K, committed 1920K, reserved 1048576K
}
Event: 33.455 GC heap after
{Heap after GC invocations=3 (full 0):
 garbage-first heap   total 524288K, used 11336K [0x0000000601800000, 0x0000000800000000)
  region size 4096K, 2 young (8192K), 2 survivors (8192K)
 Metaspace       used 15461K, committed 15744K, reserved 1114112K
  class space    used 1808K, committed 1920K, reserved 1048576K
}

